<?xml version="1.0" encoding="UTF-8"?>
<!-- Generated by org.testng.reporters.JUnitXMLReporter -->
<testsuite ignored="0" hostname="DESKTOP-1P234UU" failures="0" tests="4" name="Default test" time="19.609" errors="0" timestamp="2023-04-04T07:39:34 IST">
  <testcase classname="datadriven_Example.LoginExtractExcel" name="login_page" time="3.284"/>
  <testcase classname="datadriven_Example.LoginExtractExcel" name="login_page" time="3.507"/>
  <testcase classname="datadriven_Example.LoginExtractExcel" name="login_page" time="3.651"/>
  <testcase classname="datadriven_Example.LoginExtractExcel" name="login_page" time="4.065"/>
</testsuite> <!-- Default test -->
